mode: set
github.com/rideshare-platform/services/payment-service/internal/service/mock_processors.go:18.48,20.2 1 0
github.com/rideshare-platform/services/payment-service/internal/service/mock_processors.go:22.117,28.26 3 0
github.com/rideshare-platform/services/payment-service/internal/service/mock_processors.go:28.26,37.3 1 0
github.com/rideshare-platform/services/payment-service/internal/service/mock_processors.go:40.2,48.8 1 0
github.com/rideshare-platform/services/payment-service/internal/service/mock_processors.go:51.132,57.27 3 0
github.com/rideshare-platform/services/payment-service/internal/service/mock_processors.go:57.27,66.3 1 0
github.com/rideshare-platform/services/payment-service/internal/service/mock_processors.go:68.2,75.8 1 0
github.com/rideshare-platform/services/payment-service/internal/service/mock_processors.go:78.112,83.66 2 0
github.com/rideshare-platform/services/payment-service/internal/service/mock_processors.go:83.66,84.51 1 0
github.com/rideshare-platform/services/payment-service/internal/service/mock_processors.go:84.51,86.4 1 0
github.com/rideshare-platform/services/payment-service/internal/service/mock_processors.go:87.8,89.3 1 0
github.com/rideshare-platform/services/payment-service/internal/service/mock_processors.go:91.2,91.51 1 0
github.com/rideshare-platform/services/payment-service/internal/service/mock_processors.go:91.51,92.35 1 0
github.com/rideshare-platform/services/payment-service/internal/service/mock_processors.go:92.35,94.4 1 0
github.com/rideshare-platform/services/payment-service/internal/service/mock_processors.go:95.8,97.3 1 0
github.com/rideshare-platform/services/payment-service/internal/service/mock_processors.go:100.2,101.27 2 0
github.com/rideshare-platform/services/payment-service/internal/service/mock_processors.go:101.27,103.3 1 0
github.com/rideshare-platform/services/payment-service/internal/service/mock_processors.go:105.2,105.12 1 0
github.com/rideshare-platform/services/payment-service/internal/service/mock_processors.go:111.52,113.2 1 0
github.com/rideshare-platform/services/payment-service/internal/service/mock_processors.go:115.119,121.27 3 0
github.com/rideshare-platform/services/payment-service/internal/service/mock_processors.go:121.27,130.3 1 0
github.com/rideshare-platform/services/payment-service/internal/service/mock_processors.go:132.2,139.8 1 0
github.com/rideshare-platform/services/payment-service/internal/service/mock_processors.go:142.134,147.27 3 0
github.com/rideshare-platform/services/payment-service/internal/service/mock_processors.go:147.27,156.3 1 0
github.com/rideshare-platform/services/payment-service/internal/service/mock_processors.go:158.2,165.8 1 0
github.com/rideshare-platform/services/payment-service/internal/service/mock_processors.go:168.114,172.55 2 0
github.com/rideshare-platform/services/payment-service/internal/service/mock_processors.go:172.55,173.28 1 0
github.com/rideshare-platform/services/payment-service/internal/service/mock_processors.go:173.28,175.4 1 0
github.com/rideshare-platform/services/payment-service/internal/service/mock_processors.go:176.8,178.3 1 0
github.com/rideshare-platform/services/payment-service/internal/service/mock_processors.go:180.2,180.12 1 0
github.com/rideshare-platform/services/payment-service/internal/service/mock_processors.go:186.48,188.2 1 0
github.com/rideshare-platform/services/payment-service/internal/service/mock_processors.go:190.117,196.27 3 0
github.com/rideshare-platform/services/payment-service/internal/service/mock_processors.go:196.27,205.3 1 0
github.com/rideshare-platform/services/payment-service/internal/service/mock_processors.go:207.2,214.8 1 0
github.com/rideshare-platform/services/payment-service/internal/service/mock_processors.go:217.132,222.27 3 0
github.com/rideshare-platform/services/payment-service/internal/service/mock_processors.go:222.27,231.3 1 0
github.com/rideshare-platform/services/payment-service/internal/service/mock_processors.go:233.2,240.8 1 0
github.com/rideshare-platform/services/payment-service/internal/service/mock_processors.go:243.112,247.72 2 0
github.com/rideshare-platform/services/payment-service/internal/service/mock_processors.go:247.72,248.56 1 0
github.com/rideshare-platform/services/payment-service/internal/service/mock_processors.go:248.56,250.4 1 0
github.com/rideshare-platform/services/payment-service/internal/service/mock_processors.go:251.8,253.3 1 0
github.com/rideshare-platform/services/payment-service/internal/service/mock_processors.go:256.2,256.72 1 0
github.com/rideshare-platform/services/payment-service/internal/service/mock_processors.go:256.72,257.30 1 0
github.com/rideshare-platform/services/payment-service/internal/service/mock_processors.go:257.30,259.4 1 0
github.com/rideshare-platform/services/payment-service/internal/service/mock_processors.go:260.8,262.3 1 0
github.com/rideshare-platform/services/payment-service/internal/service/mock_processors.go:264.2,264.12 1 0
github.com/rideshare-platform/services/payment-service/internal/service/mock_processors.go:270.48,272.2 1 0
github.com/rideshare-platform/services/payment-service/internal/service/mock_processors.go:274.117,280.27 3 0
github.com/rideshare-platform/services/payment-service/internal/service/mock_processors.go:280.27,289.3 1 0
github.com/rideshare-platform/services/payment-service/internal/service/mock_processors.go:291.2,298.8 1 0
github.com/rideshare-platform/services/payment-service/internal/service/mock_processors.go:301.132,313.2 2 0
github.com/rideshare-platform/services/payment-service/internal/service/mock_processors.go:315.112,318.2 1 0
github.com/rideshare-platform/services/payment-service/internal/service/mock_processors.go:321.38,323.2 1 0
github.com/rideshare-platform/services/payment-service/internal/service/payment_service.go:56.19,74.2 7 0
github.com/rideshare-platform/services/payment-service/internal/service/payment_service.go:77.128,80.16 2 0
github.com/rideshare-platform/services/payment-service/internal/service/payment_service.go:80.16,86.3 1 0
github.com/rideshare-platform/services/payment-service/internal/service/payment_service.go:89.2,105.27 2 0
github.com/rideshare-platform/services/payment-service/internal/service/payment_service.go:105.27,107.17 2 0
github.com/rideshare-platform/services/payment-service/internal/service/payment_service.go:107.17,109.4 1 0
github.com/rideshare-platform/services/payment-service/internal/service/payment_service.go:109.9,114.52 3 0
github.com/rideshare-platform/services/payment-service/internal/service/payment_service.go:114.52,126.5 4 0
github.com/rideshare-platform/services/payment-service/internal/service/payment_service.go:131.2,131.66 1 0
github.com/rideshare-platform/services/payment-service/internal/service/payment_service.go:131.66,137.3 1 0
github.com/rideshare-platform/services/payment-service/internal/service/payment_service.go:140.2,141.13 2 0
github.com/rideshare-platform/services/payment-service/internal/service/payment_service.go:141.13,151.3 4 0
github.com/rideshare-platform/services/payment-service/internal/service/payment_service.go:154.2,159.16 4 0
github.com/rideshare-platform/services/payment-service/internal/service/payment_service.go:159.16,170.3 4 0
github.com/rideshare-platform/services/payment-service/internal/service/payment_service.go:173.2,173.27 1 0
github.com/rideshare-platform/services/payment-service/internal/service/payment_service.go:173.27,177.3 3 0
github.com/rideshare-platform/services/payment-service/internal/service/payment_service.go:177.8,180.3 2 0
github.com/rideshare-platform/services/payment-service/internal/service/payment_service.go:182.2,191.8 3 0
github.com/rideshare-platform/services/payment-service/internal/service/payment_service.go:195.126,198.16 2 0
github.com/rideshare-platform/services/payment-service/internal/service/payment_service.go:198.16,204.3 1 0
github.com/rideshare-platform/services/payment-service/internal/service/payment_service.go:207.2,207.33 1 0
github.com/rideshare-platform/services/payment-service/internal/service/payment_service.go:207.33,212.3 1 0
github.com/rideshare-platform/services/payment-service/internal/service/payment_service.go:215.2,215.52 1 0
github.com/rideshare-platform/services/payment-service/internal/service/payment_service.go:215.52,220.3 1 0
github.com/rideshare-platform/services/payment-service/internal/service/payment_service.go:223.2,233.63 2 0
github.com/rideshare-platform/services/payment-service/internal/service/payment_service.go:233.63,239.3 1 0
github.com/rideshare-platform/services/payment-service/internal/service/payment_service.go:242.2,243.13 2 0
github.com/rideshare-platform/services/payment-service/internal/service/payment_service.go:243.13,249.3 2 0
github.com/rideshare-platform/services/payment-service/internal/service/payment_service.go:252.2,253.16 2 0
github.com/rideshare-platform/services/payment-service/internal/service/payment_service.go:253.16,260.3 2 0
github.com/rideshare-platform/services/payment-service/internal/service/payment_service.go:263.2,263.27 1 0
github.com/rideshare-platform/services/payment-service/internal/service/payment_service.go:263.27,266.3 1 0
github.com/rideshare-platform/services/payment-service/internal/service/payment_service.go:266.8,268.3 1 0
github.com/rideshare-platform/services/payment-service/internal/service/payment_service.go:270.2,273.8 1 0
github.com/rideshare-platform/services/payment-service/internal/service/payment_service.go:277.138,293.18 3 0
github.com/rideshare-platform/services/payment-service/internal/service/payment_service.go:294.67,295.64 1 0
github.com/rideshare-platform/services/payment-service/internal/service/payment_service.go:295.64,297.4 1 0
github.com/rideshare-platform/services/payment-service/internal/service/payment_service.go:298.3,298.60 1 0
github.com/rideshare-platform/services/payment-service/internal/service/payment_service.go:298.60,300.4 1 0
github.com/rideshare-platform/services/payment-service/internal/service/payment_service.go:301.40,302.59 1 0
github.com/rideshare-platform/services/payment-service/internal/service/payment_service.go:302.59,304.4 1 0
github.com/rideshare-platform/services/payment-service/internal/service/payment_service.go:305.39,306.60 1 0
github.com/rideshare-platform/services/payment-service/internal/service/payment_service.go:306.60,308.4 1 0
github.com/rideshare-platform/services/payment-service/internal/service/payment_service.go:312.2,312.57 1 0
github.com/rideshare-platform/services/payment-service/internal/service/payment_service.go:312.57,313.68 1 0
github.com/rideshare-platform/services/payment-service/internal/service/payment_service.go:313.68,319.4 1 0
github.com/rideshare-platform/services/payment-service/internal/service/payment_service.go:323.2,323.77 1 0
github.com/rideshare-platform/services/payment-service/internal/service/payment_service.go:323.77,329.3 1 0
github.com/rideshare-platform/services/payment-service/internal/service/payment_service.go:332.2,332.19 1 0
github.com/rideshare-platform/services/payment-service/internal/service/payment_service.go:332.19,334.3 1 0
github.com/rideshare-platform/services/payment-service/internal/service/payment_service.go:336.2,340.8 1 0
github.com/rideshare-platform/services/payment-service/internal/service/payment_service.go:344.123,346.2 1 0
github.com/rideshare-platform/services/payment-service/internal/service/payment_service.go:349.100,351.2 1 0
github.com/rideshare-platform/services/payment-service/internal/service/payment_service.go:354.123,356.2 1 0
github.com/rideshare-platform/services/payment-service/internal/service/payment_service.go:359.104,361.2 1 0
github.com/rideshare-platform/services/payment-service/internal/service/payment_service.go:364.89,369.21 4 1
github.com/rideshare-platform/services/payment-service/internal/service/payment_service.go:370.67,371.67 1 1
github.com/rideshare-platform/services/payment-service/internal/service/payment_service.go:371.67,374.4 1 1
github.com/rideshare-platform/services/payment-service/internal/service/payment_service.go:375.40,376.56 1 1
github.com/rideshare-platform/services/payment-service/internal/service/payment_service.go:376.56,378.4 1 1
github.com/rideshare-platform/services/payment-service/internal/service/payment_service.go:381.2,381.33 1 1
github.com/rideshare-platform/services/payment-service/internal/service/payment_service.go:390.88,392.2 1 0
github.com/rideshare-platform/services/payment-service/internal/service/payment_service.go:395.140,427.43 12 0
github.com/rideshare-platform/services/payment-service/internal/service/payment_service.go:427.43,429.3 1 0
github.com/rideshare-platform/services/payment-service/internal/service/payment_service.go:431.2,434.9 2 0
github.com/rideshare-platform/services/payment-service/internal/service/payment_service.go:435.25,437.31 2 0
github.com/rideshare-platform/services/payment-service/internal/service/payment_service.go:438.25,440.31 2 0
github.com/rideshare-platform/services/payment-service/internal/service/payment_service.go:441.10,442.40 1 0
github.com/rideshare-platform/services/payment-service/internal/service/payment_service.go:446.2,446.23 1 0
github.com/rideshare-platform/services/payment-service/internal/service/payment_service.go:446.23,448.3 1 0
github.com/rideshare-platform/services/payment-service/internal/service/payment_service.go:449.2,449.21 1 0
github.com/rideshare-platform/services/payment-service/internal/service/payment_service.go:449.21,451.3 1 0
github.com/rideshare-platform/services/payment-service/internal/service/payment_service.go:452.2,452.25 1 0
github.com/rideshare-platform/services/payment-service/internal/service/payment_service.go:452.25,454.3 1 0
github.com/rideshare-platform/services/payment-service/internal/service/payment_service.go:455.2,455.25 1 0
github.com/rideshare-platform/services/payment-service/internal/service/payment_service.go:455.25,457.3 1 0
github.com/rideshare-platform/services/payment-service/internal/service/payment_service.go:459.2,459.20 1 0
github.com/rideshare-platform/services/payment-service/internal/service/payment_service.go:462.77,464.9 1 1
github.com/rideshare-platform/services/payment-service/internal/service/payment_service.go:465.21,466.13 1 1
github.com/rideshare-platform/services/payment-service/internal/service/payment_service.go:467.20,468.13 1 1
github.com/rideshare-platform/services/payment-service/internal/service/payment_service.go:469.20,470.13 1 1
github.com/rideshare-platform/services/payment-service/internal/service/payment_service.go:471.10,472.13 1 1
github.com/rideshare-platform/services/payment-service/internal/service/payment_service.go:476.61,479.28 2 1
github.com/rideshare-platform/services/payment-service/internal/service/payment_service.go:479.28,481.3 1 0
github.com/rideshare-platform/services/payment-service/internal/service/payment_service.go:482.2,482.29 1 1
github.com/rideshare-platform/services/payment-service/internal/service/payment_service.go:482.29,484.3 1 0
github.com/rideshare-platform/services/payment-service/internal/service/payment_service.go:485.2,485.12 1 1
github.com/rideshare-platform/services/payment-service/internal/service/payment_service.go:488.78,493.2 2 1
github.com/rideshare-platform/services/payment-service/internal/service/payment_service.go:495.65,499.2 2 1
github.com/rideshare-platform/services/payment-service/internal/service/payment_service.go:502.106,504.2 1 0
github.com/rideshare-platform/services/payment-service/internal/service/payment_service.go:507.87,508.17 1 1
github.com/rideshare-platform/services/payment-service/internal/service/payment_service.go:508.17,510.3 1 1
github.com/rideshare-platform/services/payment-service/internal/service/payment_service.go:512.2,512.21 1 1
github.com/rideshare-platform/services/payment-service/internal/service/payment_service.go:512.21,514.3 1 1
github.com/rideshare-platform/services/payment-service/internal/service/payment_service.go:516.2,516.12 1 1
github.com/rideshare-platform/services/payment-service/internal/service/payment_service.go:520.108,523.23 2 1
github.com/rideshare-platform/services/payment-service/internal/service/payment_service.go:524.37,525.24 1 1
github.com/rideshare-platform/services/payment-service/internal/service/payment_service.go:526.36,527.24 1 1
github.com/rideshare-platform/services/payment-service/internal/service/payment_service.go:528.40,529.24 1 1
github.com/rideshare-platform/services/payment-service/internal/service/payment_service.go:530.39,531.23 1 1
github.com/rideshare-platform/services/payment-service/internal/service/payment_service.go:532.31,533.22 1 1
github.com/rideshare-platform/services/payment-service/internal/service/payment_service.go:534.10,535.23 1 0
github.com/rideshare-platform/services/payment-service/internal/service/payment_service.go:538.2,541.27 2 1
github.com/rideshare-platform/services/payment-service/internal/service/payment_service.go:541.27,543.3 1 1
github.com/rideshare-platform/services/payment-service/internal/service/payment_service.go:545.2,545.12 1 1
