mode: set
github.com/rideshare-platform/services/user-service/internal/service/user_service.go:16.64,20.2 1 1
github.com/rideshare-platform/services/user-service/internal/service/user_service.go:23.96,24.22 1 1
github.com/rideshare-platform/services/user-service/internal/service/user_service.go:24.22,26.3 1 1
github.com/rideshare-platform/services/user-service/internal/service/user_service.go:28.2,28.26 1 1
github.com/rideshare-platform/services/user-service/internal/service/user_service.go:28.26,30.3 1 0
github.com/rideshare-platform/services/user-service/internal/service/user_service.go:32.2,32.25 1 1
github.com/rideshare-platform/services/user-service/internal/service/user_service.go:32.25,34.3 1 0
github.com/rideshare-platform/services/user-service/internal/service/user_service.go:37.2,38.16 2 1
github.com/rideshare-platform/services/user-service/internal/service/user_service.go:38.16,40.3 1 0
github.com/rideshare-platform/services/user-service/internal/service/user_service.go:41.2,41.25 1 1
github.com/rideshare-platform/services/user-service/internal/service/user_service.go:41.25,43.3 1 1
github.com/rideshare-platform/services/user-service/internal/service/user_service.go:46.2,46.25 1 1
github.com/rideshare-platform/services/user-service/internal/service/user_service.go:46.25,48.3 1 1
github.com/rideshare-platform/services/user-service/internal/service/user_service.go:49.2,49.23 1 1
github.com/rideshare-platform/services/user-service/internal/service/user_service.go:49.23,51.3 1 1
github.com/rideshare-platform/services/user-service/internal/service/user_service.go:53.2,53.37 1 1
github.com/rideshare-platform/services/user-service/internal/service/user_service.go:57.89,58.18 1 1
github.com/rideshare-platform/services/user-service/internal/service/user_service.go:58.18,60.3 1 1
github.com/rideshare-platform/services/user-service/internal/service/user_service.go:62.2,62.36 1 1
github.com/rideshare-platform/services/user-service/internal/service/user_service.go:66.95,67.17 1 0
github.com/rideshare-platform/services/user-service/internal/service/user_service.go:67.17,69.3 1 0
github.com/rideshare-platform/services/user-service/internal/service/user_service.go:71.2,71.42 1 0
github.com/rideshare-platform/services/user-service/internal/service/user_service.go:75.96,76.19 1 0
github.com/rideshare-platform/services/user-service/internal/service/user_service.go:76.19,78.3 1 0
github.com/rideshare-platform/services/user-service/internal/service/user_service.go:81.2,82.16 2 0
github.com/rideshare-platform/services/user-service/internal/service/user_service.go:82.16,84.3 1 0
github.com/rideshare-platform/services/user-service/internal/service/user_service.go:85.2,85.25 1 0
github.com/rideshare-platform/services/user-service/internal/service/user_service.go:85.25,87.3 1 0
github.com/rideshare-platform/services/user-service/internal/service/user_service.go:90.2,90.22 1 0
github.com/rideshare-platform/services/user-service/internal/service/user_service.go:90.22,92.3 1 0
github.com/rideshare-platform/services/user-service/internal/service/user_service.go:93.2,93.26 1 0
github.com/rideshare-platform/services/user-service/internal/service/user_service.go:93.26,95.3 1 0
github.com/rideshare-platform/services/user-service/internal/service/user_service.go:96.2,96.25 1 0
github.com/rideshare-platform/services/user-service/internal/service/user_service.go:96.25,98.3 1 0
github.com/rideshare-platform/services/user-service/internal/service/user_service.go:99.2,99.22 1 0
github.com/rideshare-platform/services/user-service/internal/service/user_service.go:99.22,101.3 1 0
github.com/rideshare-platform/services/user-service/internal/service/user_service.go:102.2,102.23 1 0
github.com/rideshare-platform/services/user-service/internal/service/user_service.go:102.23,104.3 1 0
github.com/rideshare-platform/services/user-service/internal/service/user_service.go:105.2,105.32 1 0
github.com/rideshare-platform/services/user-service/internal/service/user_service.go:105.32,107.3 1 0
github.com/rideshare-platform/services/user-service/internal/service/user_service.go:109.2,109.45 1 0
github.com/rideshare-platform/services/user-service/internal/service/user_service.go:113.76,114.18 1 0
github.com/rideshare-platform/services/user-service/internal/service/user_service.go:114.18,116.3 1 0
github.com/rideshare-platform/services/user-service/internal/service/user_service.go:118.2,118.39 1 0
github.com/rideshare-platform/services/user-service/internal/service/user_service.go:122.97,123.16 1 0
github.com/rideshare-platform/services/user-service/internal/service/user_service.go:123.16,125.3 1 0
github.com/rideshare-platform/services/user-service/internal/service/user_service.go:126.2,126.16 1 0
github.com/rideshare-platform/services/user-service/internal/service/user_service.go:126.16,128.3 1 0
github.com/rideshare-platform/services/user-service/internal/service/user_service.go:130.2,130.45 1 0
github.com/rideshare-platform/services/user-service/internal/service/user_service.go:134.107,135.17 1 0
github.com/rideshare-platform/services/user-service/internal/service/user_service.go:135.17,137.3 1 0
github.com/rideshare-platform/services/user-service/internal/service/user_service.go:138.2,138.20 1 0
github.com/rideshare-platform/services/user-service/internal/service/user_service.go:138.20,140.3 1 0
github.com/rideshare-platform/services/user-service/internal/service/user_service.go:142.2,143.16 2 0
github.com/rideshare-platform/services/user-service/internal/service/user_service.go:143.16,145.3 1 0
github.com/rideshare-platform/services/user-service/internal/service/user_service.go:146.2,146.17 1 0
github.com/rideshare-platform/services/user-service/internal/service/user_service.go:146.17,148.3 1 0
github.com/rideshare-platform/services/user-service/internal/service/user_service.go:152.2,152.18 1 0
