mode: set
github.com/rideshare-platform/services/matching-service/internal/service/matching_service.go:147.28,156.2 1 0
github.com/rideshare-platform/services/matching-service/internal/service/matching_service.go:159.76,165.2 1 1
github.com/rideshare-platform/services/matching-service/internal/service/matching_service.go:168.117,172.25 2 1
github.com/rideshare-platform/services/matching-service/internal/service/matching_service.go:172.25,174.3 1 1
github.com/rideshare-platform/services/matching-service/internal/service/matching_service.go:176.2,176.21 1 0
github.com/rideshare-platform/services/matching-service/internal/service/matching_service.go:176.21,184.3 1 0
github.com/rideshare-platform/services/matching-service/internal/service/matching_service.go:185.2,186.16 2 0
github.com/rideshare-platform/services/matching-service/internal/service/matching_service.go:186.16,193.3 1 0
github.com/rideshare-platform/services/matching-service/internal/service/matching_service.go:195.2,195.29 1 0
github.com/rideshare-platform/services/matching-service/internal/service/matching_service.go:195.29,202.3 1 0
github.com/rideshare-platform/services/matching-service/internal/service/matching_service.go:205.2,206.31 2 0
github.com/rideshare-platform/services/matching-service/internal/service/matching_service.go:206.31,213.3 1 0
github.com/rideshare-platform/services/matching-service/internal/service/matching_service.go:216.2,217.16 2 0
github.com/rideshare-platform/services/matching-service/internal/service/matching_service.go:217.16,224.3 1 0
github.com/rideshare-platform/services/matching-service/internal/service/matching_service.go:227.2,229.28 3 0
github.com/rideshare-platform/services/matching-service/internal/service/matching_service.go:229.28,231.45 2 0
github.com/rideshare-platform/services/matching-service/internal/service/matching_service.go:231.45,233.4 1 0
github.com/rideshare-platform/services/matching-service/internal/service/matching_service.go:234.3,234.54 1 0
github.com/rideshare-platform/services/matching-service/internal/service/matching_service.go:238.2,239.16 2 0
github.com/rideshare-platform/services/matching-service/internal/service/matching_service.go:239.16,241.3 1 0
github.com/rideshare-platform/services/matching-service/internal/service/matching_service.go:244.2,245.16 2 0
github.com/rideshare-platform/services/matching-service/internal/service/matching_service.go:245.16,253.3 2 0
github.com/rideshare-platform/services/matching-service/internal/service/matching_service.go:255.2,275.20 3 0
github.com/rideshare-platform/services/matching-service/internal/service/matching_service.go:279.127,285.28 4 0
github.com/rideshare-platform/services/matching-service/internal/service/matching_service.go:285.28,287.17 2 0
github.com/rideshare-platform/services/matching-service/internal/service/matching_service.go:287.17,289.4 1 0
github.com/rideshare-platform/services/matching-service/internal/service/matching_service.go:291.3,291.24 1 0
github.com/rideshare-platform/services/matching-service/internal/service/matching_service.go:291.24,293.4 1 0
github.com/rideshare-platform/services/matching-service/internal/service/matching_service.go:295.3,295.18 1 0
github.com/rideshare-platform/services/matching-service/internal/service/matching_service.go:299.2,299.86 1 0
github.com/rideshare-platform/services/matching-service/internal/service/matching_service.go:303.149,306.33 2 0
github.com/rideshare-platform/services/matching-service/internal/service/matching_service.go:306.33,308.35 1 0
github.com/rideshare-platform/services/matching-service/internal/service/matching_service.go:308.35,309.12 1 0
github.com/rideshare-platform/services/matching-service/internal/service/matching_service.go:313.3,313.77 1 0
github.com/rideshare-platform/services/matching-service/internal/service/matching_service.go:313.77,314.12 1 0
github.com/rideshare-platform/services/matching-service/internal/service/matching_service.go:318.3,318.88 1 0
github.com/rideshare-platform/services/matching-service/internal/service/matching_service.go:318.88,319.12 1 0
github.com/rideshare-platform/services/matching-service/internal/service/matching_service.go:323.3,323.39 1 0
github.com/rideshare-platform/services/matching-service/internal/service/matching_service.go:323.39,324.12 1 0
github.com/rideshare-platform/services/matching-service/internal/service/matching_service.go:327.3,327.38 1 0
github.com/rideshare-platform/services/matching-service/internal/service/matching_service.go:330.2,330.17 1 0
github.com/rideshare-platform/services/matching-service/internal/service/matching_service.go:334.159,337.33 2 0
github.com/rideshare-platform/services/matching-service/internal/service/matching_service.go:337.33,340.17 2 0
github.com/rideshare-platform/services/matching-service/internal/service/matching_service.go:340.17,342.12 2 0
github.com/rideshare-platform/services/matching-service/internal/service/matching_service.go:346.3,364.55 4 0
github.com/rideshare-platform/services/matching-service/internal/service/matching_service.go:368.2,368.48 1 0
github.com/rideshare-platform/services/matching-service/internal/service/matching_service.go:368.48,370.3 1 0
github.com/rideshare-platform/services/matching-service/internal/service/matching_service.go:372.2,372.27 1 0
github.com/rideshare-platform/services/matching-service/internal/service/matching_service.go:376.119,396.31 9 1
github.com/rideshare-platform/services/matching-service/internal/service/matching_service.go:396.31,398.3 1 0
github.com/rideshare-platform/services/matching-service/internal/service/matching_service.go:400.2,400.31 1 1
github.com/rideshare-platform/services/matching-service/internal/service/matching_service.go:404.154,407.16 2 0
github.com/rideshare-platform/services/matching-service/internal/service/matching_service.go:407.16,409.3 1 0
github.com/rideshare-platform/services/matching-service/internal/service/matching_service.go:411.2,412.16 2 0
github.com/rideshare-platform/services/matching-service/internal/service/matching_service.go:412.16,414.3 1 0
github.com/rideshare-platform/services/matching-service/internal/service/matching_service.go:417.2,423.31 5 0
github.com/rideshare-platform/services/matching-service/internal/service/matching_service.go:423.31,425.3 1 0
github.com/rideshare-platform/services/matching-service/internal/service/matching_service.go:427.2,436.8 2 0
github.com/rideshare-platform/services/matching-service/internal/service/matching_service.go:440.101,442.20 1 0
github.com/rideshare-platform/services/matching-service/internal/service/matching_service.go:442.20,443.22 1 0
github.com/rideshare-platform/services/matching-service/internal/service/matching_service.go:443.22,445.4 1 0
github.com/rideshare-platform/services/matching-service/internal/service/matching_service.go:446.3,446.13 1 0
github.com/rideshare-platform/services/matching-service/internal/service/matching_service.go:450.2,453.60 3 0
github.com/rideshare-platform/services/matching-service/internal/service/matching_service.go:455.121,460.20 3 1
github.com/rideshare-platform/services/matching-service/internal/service/matching_service.go:460.20,464.36 3 0
github.com/rideshare-platform/services/matching-service/internal/service/matching_service.go:464.36,466.4 1 0
github.com/rideshare-platform/services/matching-service/internal/service/matching_service.go:468.3,468.28 1 0
github.com/rideshare-platform/services/matching-service/internal/service/matching_service.go:468.28,470.53 2 0
github.com/rideshare-platform/services/matching-service/internal/service/matching_service.go:470.53,473.10 2 0
github.com/rideshare-platform/services/matching-service/internal/service/matching_service.go:476.8,476.28 1 1
github.com/rideshare-platform/services/matching-service/internal/service/matching_service.go:476.28,479.3 2 0
github.com/rideshare-platform/services/matching-service/internal/service/matching_service.go:481.2,487.8 1 1
github.com/rideshare-platform/services/matching-service/internal/service/matching_service.go:491.92,493.20 1 1
github.com/rideshare-platform/services/matching-service/internal/service/matching_service.go:493.20,494.22 1 1
github.com/rideshare-platform/services/matching-service/internal/service/matching_service.go:494.22,496.4 1 0
github.com/rideshare-platform/services/matching-service/internal/service/matching_service.go:497.3,497.13 1 1
github.com/rideshare-platform/services/matching-service/internal/service/matching_service.go:501.2,503.16 3 0
github.com/rideshare-platform/services/matching-service/internal/service/matching_service.go:503.16,505.3 1 0
github.com/rideshare-platform/services/matching-service/internal/service/matching_service.go:507.2,507.27 1 0
github.com/rideshare-platform/services/matching-service/internal/service/matching_service.go:507.27,509.44 2 0
github.com/rideshare-platform/services/matching-service/internal/service/matching_service.go:509.44,511.4 1 0
github.com/rideshare-platform/services/matching-service/internal/service/matching_service.go:514.2,514.21 1 0
github.com/rideshare-platform/services/matching-service/internal/service/matching_service.go:514.21,516.3 1 0
github.com/rideshare-platform/services/matching-service/internal/service/matching_service.go:517.2,517.12 1 0
github.com/rideshare-platform/services/matching-service/internal/service/matching_service.go:521.107,536.2 1 1
github.com/rideshare-platform/services/matching-service/internal/service/matching_service.go:539.38,541.2 1 0
github.com/rideshare-platform/services/matching-service/internal/service/matching_service.go:544.117,591.2 3 1
